<?xml version="1.0" encoding="UTF-8"?>
<!-- Generated by org.testng.reporters.JUnitReportReporter -->
<testsuite hostname="VCS-X6HRSOWYFCU" failures="0" tests="1" name="service.BankStatementServiceTest" time="0.009" errors="0" timestamp="2025-10-05T03:24:43 IST" skipped="0">
  <testcase classname="service.BankStatementServiceTest" name="checkStatement" time="0.009"/>
</testsuite> <!-- service.BankStatementServiceTest -->
