<?xml version="1.0" encoding="UTF-8"?>
<!-- Generated by org.testng.reporters.JUnitReportReporter -->
<testsuite hostname="VCS-X6HRSOWYFCU" failures="0" tests="5" name="service.AccountServiceTest" time="0.011" errors="0" timestamp="2025-10-05T10:32:45 IST" skipped="0">
  <testcase classname="service.AccountServiceTest" name="addAccount" time="0.002"/>
  <testcase classname="service.AccountServiceTest" name="getBalance" time="0.002"/>
  <testcase classname="service.AccountServiceTest" name="deleteAccount" time="0.004"/>
  <testcase classname="service.AccountServiceTest" name="getAllAccounts" time="0.002"/>
  <testcase classname="service.AccountServiceTest" name="checkAccountNotFoundException" time="0.001"/>
</testsuite> <!-- service.AccountServiceTest -->
