<?xml version="1.0" encoding="UTF-8"?>
<!-- Generated by org.testng.reporters.JUnitReportReporter -->
<testsuite hostname="VCS-X6HRSOWYFCU" failures="0" tests="4" name="repository.AccountRepositoryTest" time="0.033" errors="0" timestamp="2025-10-05T10:32:45 IST" skipped="0">
  <testcase classname="repository.AccountRepositoryTest" name="checkDeletion" time="0.017"/>
  <testcase classname="repository.AccountRepositoryTest" name="getAllAccounts" time="0.005"/>
  <testcase classname="repository.AccountRepositoryTest" name="checkfindByAccountNumber" time="0.003"/>
  <testcase classname="repository.AccountRepositoryTest" name="checkSave" time="0.008"/>
</testsuite> <!-- repository.AccountRepositoryTest -->
