<?xml version="1.0" encoding="UTF-8"?>
<!-- Generated by org.testng.reporters.JUnitReportReporter -->
<testsuite hostname="VCS-X6HRSOWYFCU" failures="0" tests="1" name="service.BankStatementServiceTest" time="0.015" errors="0" timestamp="2025-10-05T10:32:45 IST" skipped="0">
  <testcase classname="service.BankStatementServiceTest" name="checkStatement" time="0.015"/>
</testsuite> <!-- service.BankStatementServiceTest -->
