<?xml version="1.0" encoding="UTF-8"?>
<!-- Generated by org.testng.reporters.JUnitReportReporter -->
<testsuite hostname="VCS-X6HRSOWYFCU" failures="0" tests="8" name="service.TransactionServiceTest" time="0.036" errors="0" timestamp="2025-10-05T10:47:07 IST" skipped="0">
  <testcase classname="service.TransactionServiceTest" name="checkDeposit" time="0.018"/>
  <testcase classname="service.TransactionServiceTest" name="checkwithdraw" time="0.002"/>
  <testcase classname="service.TransactionServiceTest" name="checkwithdrawUsingDP" time="0.002"/>
  <testcase classname="service.TransactionServiceTest" name="checkwithdrawUsingDP" time="0.003"/>
  <testcase classname="service.TransactionServiceTest" name="checkwithdrawUsingDP" time="0.004"/>
  <testcase classname="service.TransactionServiceTest" name="checkwithdrawUsingDP" time="0.002"/>
  <testcase classname="service.TransactionServiceTest" name="checkwithdrawUsingDP" time="0.001"/>
  <testcase classname="service.TransactionServiceTest" name="checkwithdrawUsingDP" time="0.004"/>
</testsuite> <!-- service.TransactionServiceTest -->
